2026-04-24 12:39:52.139 | INFO     | scraper.pipeline:run_pipeline:31 - Starting GemEdge scaffold pipeline
2026-04-24 12:39:52.139 | INFO     | scraper.pipeline:run_pipeline:40 - Wrote 2 records
2026-04-24 13:29:54.769 | INFO     | scraper.pipeline:run_pipeline:30 - Starting GemEdge scaffold pipeline
2026-04-24 13:29:54.770 | INFO     | scraper.listing:fetch_listing_items:53 - Fetching listing page https://example.com/?page=1
2026-04-24 13:30:02.618 | INFO     | scraper.pipeline:run_pipeline:30 - Starting GemEdge scaffold pipeline
2026-04-24 13:30:02.619 | INFO     | scraper.listing:fetch_listing_items:54 - Fetching listing page https://example.com/?page=1
2026-04-24 13:30:02.623 | ERROR    | scraper.listing:fetch_listing_items:60 - Failed to fetch page 1: HTTPSConnectionPool(host='example.com', port=443): Max retries exceeded with url: /?page=1 (Caused by ProxyError('Unable to connect to proxy', OSError('Tunnel connection failed: 403 Forbidden')))
2026-04-24 13:30:02.624 | INFO     | scraper.pipeline:run_pipeline:38 - Wrote 0 listing records
2026-04-24 13:43:15.489 | INFO     | scraper.pipeline:run_pipeline:31 - Starting GemEdge scaffold pipeline
2026-04-24 13:43:15.489 | INFO     | scraper.listing:fetch_listing_items:54 - Fetching listing page https://example.com/?page=1
2026-04-24 13:43:15.513 | ERROR    | scraper.listing:fetch_listing_items:60 - Failed to fetch page 1: HTTPSConnectionPool(host='example.com', port=443): Max retries exceeded with url: /?page=1 (Caused by ProxyError('Unable to connect to proxy', OSError('Tunnel connection failed: 403 Forbidden')))
2026-04-24 13:43:15.513 | INFO     | scraper.pipeline:run_pipeline:40 - Wrote 0 enriched records
2026-04-24 13:46:31.869 | INFO     | scraper.pipeline:run_pipeline:31 - Starting GemEdge scaffold pipeline
2026-04-24 13:46:31.870 | INFO     | scraper.listing:fetch_listing_items:54 - Fetching listing page https://example.com/?page=1
2026-04-24 13:46:31.875 | ERROR    | scraper.listing:fetch_listing_items:60 - Failed to fetch page 1: HTTPSConnectionPool(host='example.com', port=443): Max retries exceeded with url: /?page=1 (Caused by ProxyError('Unable to connect to proxy', OSError('Tunnel connection failed: 403 Forbidden')))
2026-04-24 13:46:31.875 | INFO     | scraper.pipeline:run_pipeline:40 - Wrote 0 enriched records
2026-04-24 13:49:43.690 | INFO     | scraper.pipeline:run_pipeline:31 - Starting GemEdge scaffold pipeline
2026-04-24 13:49:43.691 | INFO     | scraper.listing:fetch_listing_items:54 - Fetching listing page https://example.com/?page=1
2026-04-24 13:49:46.740 | ERROR    | scraper.listing:fetch_listing_items:59 - Failed to fetch page 1: HTTPSConnectionPool(host='example.com', port=443): Max retries exceeded with url: /?page=1 (Caused by ProxyError('Unable to connect to proxy', OSError('Tunnel connection failed: 403 Forbidden')))
2026-04-24 13:49:46.744 | INFO     | scraper.pipeline:run_pipeline:40 - Wrote 0 enriched records
2026-04-24 13:56:45.323 | INFO     | scraper.pipeline:run_pipeline:31 - Starting GemEdge scaffold pipeline
2026-04-24 13:56:50.891 | INFO     | scraper.pipeline:run_pipeline:31 - Starting GemEdge scaffold pipeline
2026-04-24 13:56:50.891 | INFO     | scraper.listing:fetch_listing_items:57 - Fetching listing page https://example.com/?page=1
2026-04-24 13:56:53.939 | ERROR    | scraper.listing:fetch_listing_items:62 - Failed to fetch page 1: HTTPSConnectionPool(host='example.com', port=443): Max retries exceeded with url: /?page=1 (Caused by ProxyError('Unable to connect to proxy', OSError('Tunnel connection failed: 403 Forbidden')))
2026-04-24 13:56:53.940 | INFO     | scraper.pipeline:run_pipeline:40 - Wrote 0 enriched records
2026-04-24 14:00:00.882 | INFO     | scraper.pipeline:run_pipeline:36 - Starting GemEdge scaffold pipeline
2026-04-24 14:00:00.882 | INFO     | scraper.listing:fetch_listing_items:57 - Fetching listing page https://example.com/?page=1
2026-04-24 14:00:03.914 | ERROR    | scraper.listing:fetch_listing_items:62 - Failed to fetch page 1: HTTPSConnectionPool(host='example.com', port=443): Max retries exceeded with url: /?page=1 (Caused by ProxyError('Unable to connect to proxy', OSError('Tunnel connection failed: 403 Forbidden')))
2026-04-24 14:00:03.917 | INFO     | scraper.pipeline:run_pipeline:56 - Filtered 0 already-seen items
2026-04-24 14:00:03.918 | INFO     | scraper.pipeline:run_pipeline:57 - Wrote 0 enriched records
2026-04-24 16:53:35.504 | INFO     | scraper.pipeline:run_pipeline:36 - Starting GemEdge scaffold pipeline
2026-04-24 16:53:35.505 | INFO     | scraper.listing:fetch_listing_items:57 - Fetching listing page https://example.com/?page=1
2026-04-24 16:53:38.558 | ERROR    | scraper.listing:fetch_listing_items:62 - Failed to fetch page 1: HTTPSConnectionPool(host='example.com', port=443): Max retries exceeded with url: /?page=1 (Caused by ProxyError('Unable to connect to proxy', OSError('Tunnel connection failed: 403 Forbidden')))
2026-04-24 16:53:38.560 | INFO     | scraper.pipeline:run_pipeline:69 - Filtered 0 already-seen items
2026-04-24 16:53:38.561 | INFO     | scraper.pipeline:run_pipeline:70 - Detail fetch success=0, failed=0
2026-04-24 16:53:38.561 | INFO     | scraper.pipeline:run_pipeline:75 - Wrote 0 enriched records
2026-04-24 16:55:43.662 | INFO     | scraper.pipeline:run_pipeline:36 - Starting GemEdge scaffold pipeline
2026-04-24 16:55:43.663 | INFO     | scraper.listing:fetch_listing_items:57 - Fetching listing page https://example.com/?page=1
2026-04-24 16:55:44.503 | INFO     | scraper.listing:fetch_listing_items:67 - Found 0 cards on page 1
2026-04-24 16:55:44.503 | INFO     | scraper.listing:fetch_listing_items:69 - Stopping pagination at page 1 (no cards found)
2026-04-24 16:55:44.504 | INFO     | scraper.pipeline:run_pipeline:69 - Filtered 0 already-seen items
2026-04-24 16:55:44.504 | INFO     | scraper.pipeline:run_pipeline:70 - Detail fetch success=0, failed=0
2026-04-24 16:55:44.504 | INFO     | scraper.pipeline:run_pipeline:75 - Wrote 0 enriched records
2026-04-24 17:01:38.145 | INFO     | scraper.pipeline:run_pipeline:36 - Starting GemEdge scaffold pipeline
2026-04-24 17:01:38.145 | INFO     | scraper.listing:fetch_listing_items:57 - Fetching listing page https://books.toscrape.com/catalogue/page-1.html?page=1
2026-04-24 17:01:40.851 | INFO     | scraper.listing:fetch_listing_items:67 - Found 20 cards on page 1
2026-04-24 17:01:40.856 | INFO     | scraper.listing:fetch_listing_items:57 - Fetching listing page https://books.toscrape.com/catalogue/page-1.html?page=2
2026-04-24 17:01:44.267 | INFO     | scraper.listing:fetch_listing_items:67 - Found 20 cards on page 2
2026-04-24 17:01:44.272 | INFO     | scraper.listing:fetch_listing_items:84 - Stopping pagination at page 2 (no new unique items)
2026-04-24 17:02:50.777 | INFO     | scraper.pipeline:run_pipeline:36 - Starting GemEdge scaffold pipeline
2026-04-24 17:02:50.778 | INFO     | scraper.listing:fetch_listing_items:59 - Fetching listing page https://books.toscrape.com/catalogue/page-1.html?page=1
2026-04-24 17:02:53.802 | ERROR    | scraper.listing:fetch_listing_items:64 - Failed to fetch page 1: HTTPSConnectionPool(host='books.toscrape.com', port=443): Max retries exceeded with url: /catalogue/page-1.html?page=1 (Caused by ProxyError('Unable to connect to proxy', OSError('Tunnel connection failed: 403 Forbidden')))
2026-04-24 17:02:53.804 | INFO     | scraper.pipeline:run_pipeline:69 - Filtered 0 already-seen items
2026-04-24 17:02:53.806 | INFO     | scraper.pipeline:run_pipeline:70 - Detail fetch success=0, failed=0
2026-04-24 17:02:53.807 | INFO     | scraper.pipeline:run_pipeline:75 - Wrote 0 enriched records
2026-04-24 17:04:17.802 | INFO     | scraper.pipeline:run_pipeline:69 - Filtered 0 already-seen items
2026-04-24 17:04:17.802 | INFO     | scraper.pipeline:run_pipeline:70 - Detail fetch success=0, failed=20
2026-04-24 17:04:17.802 | INFO     | scraper.pipeline:run_pipeline:75 - Wrote 20 enriched records
2026-04-24 17:05:40.417 | INFO     | scraper.pipeline:run_pipeline:36 - Starting GemEdge scaffold pipeline
2026-04-24 17:05:40.418 | INFO     | scraper.listing:fetch_listing_items:59 - Fetching listing page https://books.toscrape.com/catalogue/page-1.html?page=1
2026-04-24 17:05:41.811 | INFO     | scraper.listing:fetch_listing_items:69 - Found 20 cards on page 1
2026-04-24 17:05:41.816 | INFO     | scraper.listing:fetch_listing_items:59 - Fetching listing page https://books.toscrape.com/catalogue/page-1.html?page=2
2026-04-24 17:05:43.257 | INFO     | scraper.listing:fetch_listing_items:69 - Found 20 cards on page 2
2026-04-24 17:05:43.262 | INFO     | scraper.listing:fetch_listing_items:86 - Stopping pagination at page 2 (no new unique items)
2026-04-24 17:05:43.264 | INFO     | scraper.pipeline:run_pipeline:69 - Filtered 20 already-seen items
2026-04-24 17:05:43.264 | INFO     | scraper.pipeline:run_pipeline:70 - Detail fetch success=0, failed=0
2026-04-24 17:05:43.264 | INFO     | scraper.pipeline:run_pipeline:75 - Wrote 0 enriched records
2026-04-24 17:06:50.518 | INFO     | scraper.pipeline:run_pipeline:36 - Starting GemEdge scaffold pipeline
2026-04-24 17:06:50.518 | INFO     | scraper.listing:fetch_listing_items:61 - Fetching listing page https://books.toscrape.com/catalogue/page-1.html?page=1
2026-04-24 17:06:53.544 | ERROR    | scraper.listing:fetch_listing_items:66 - Failed to fetch page 1: HTTPSConnectionPool(host='books.toscrape.com', port=443): Max retries exceeded with url: /catalogue/page-1.html?page=1 (Caused by ProxyError('Unable to connect to proxy', OSError('Tunnel connection failed: 403 Forbidden')))
2026-04-24 17:06:53.547 | INFO     | scraper.pipeline:run_pipeline:69 - Filtered 0 already-seen items
2026-04-24 17:06:53.548 | INFO     | scraper.pipeline:run_pipeline:70 - Detail fetch success=0, failed=0
2026-04-24 17:06:53.549 | INFO     | scraper.pipeline:run_pipeline:75 - Wrote 0 enriched records
2026-04-24 17:09:48.676 | INFO     | scraper.pipeline:run_pipeline:36 - Starting GemEdge scaffold pipeline
2026-04-24 17:09:48.676 | INFO     | scraper.listing:fetch_listing_items:61 - Fetching listing page https://books.toscrape.com/catalogue/page-1.html?page=1
2026-04-24 17:09:50.422 | INFO     | scraper.listing:fetch_listing_items:71 - Found 20 cards on page 1
2026-04-24 17:09:50.427 | INFO     | scraper.listing:fetch_listing_items:61 - Fetching listing page https://books.toscrape.com/catalogue/page-1.html?page=2
2026-04-24 17:09:51.897 | INFO     | scraper.listing:fetch_listing_items:71 - Found 20 cards on page 2
2026-04-24 17:09:51.901 | INFO     | scraper.listing:fetch_listing_items:88 - Stopping pagination at page 2 (no new unique items)
2026-04-24 17:09:51.903 | INFO     | scraper.pipeline:run_pipeline:69 - Filtered 20 already-seen items
2026-04-24 17:09:51.903 | INFO     | scraper.pipeline:run_pipeline:70 - Detail fetch success=0, failed=0
2026-04-24 17:09:51.903 | INFO     | scraper.pipeline:run_pipeline:75 - Wrote 0 enriched records
2026-04-24 17:11:24.408 | INFO     | scraper.pipeline:run_pipeline:36 - Starting GemEdge scaffold pipeline
2026-04-24 17:11:24.408 | INFO     | scraper.listing:fetch_listing_items:61 - Fetching listing page https://books.toscrape.com/catalogue/page-1.html?page=1
2026-04-24 17:11:29.053 | INFO     | scraper.listing:fetch_listing_items:71 - Found 20 cards on page 1
2026-04-24 17:11:29.058 | INFO     | scraper.listing:fetch_listing_items:61 - Fetching listing page https://books.toscrape.com/catalogue/page-1.html?page=2
2026-04-24 17:11:31.407 | INFO     | scraper.listing:fetch_listing_items:71 - Found 20 cards on page 2
2026-04-24 17:11:31.412 | INFO     | scraper.listing:fetch_listing_items:88 - Stopping pagination at page 2 (no new unique items)
2026-04-24 17:12:59.962 | INFO     | scraper.pipeline:run_pipeline:36 - Starting GemEdge scaffold pipeline
2026-04-24 17:12:59.962 | INFO     | scraper.listing:fetch_listing_items:61 - Fetching listing page https://books.toscrape.com/catalogue/page-1.html?page=1
2026-04-24 17:13:02.246 | INFO     | scraper.listing:fetch_listing_items:71 - Found 20 cards on page 1
2026-04-24 17:13:02.251 | INFO     | scraper.listing:fetch_listing_items:61 - Fetching listing page https://books.toscrape.com/catalogue/page-1.html?page=2
2026-04-24 17:13:03.893 | INFO     | scraper.listing:fetch_listing_items:71 - Found 20 cards on page 2
2026-04-24 17:13:03.898 | INFO     | scraper.listing:fetch_listing_items:88 - Stopping pagination at page 2 (no new unique items)
2026-04-24 17:14:27.310 | INFO     | scraper.pipeline:run_pipeline:48 - Starting GemEdge scaffold pipeline
2026-04-24 17:14:27.310 | INFO     | scraper.listing:fetch_listing_items:61 - Fetching listing page https://books.toscrape.com/catalogue/page-1.html?page=1
2026-04-24 17:14:30.333 | ERROR    | scraper.listing:fetch_listing_items:66 - Failed to fetch page 1: HTTPSConnectionPool(host='books.toscrape.com', port=443): Max retries exceeded with url: /catalogue/page-1.html?page=1 (Caused by ProxyError('Unable to connect to proxy', OSError('Tunnel connection failed: 403 Forbidden')))
2026-04-24 17:14:30.336 | INFO     | scraper.pipeline:run_pipeline:81 - Filtered 0 already-seen items
2026-04-24 17:14:30.337 | INFO     | scraper.pipeline:run_pipeline:82 - Detail fetch success=0, failed=0
2026-04-24 17:14:30.338 | INFO     | scraper.pipeline:run_pipeline:87 - Wrote 0 enriched records
2026-04-24 17:18:33.605 | INFO     | scraper.pipeline:run_pipeline:48 - Starting GemEdge scaffold pipeline
2026-04-24 17:18:33.606 | INFO     | scraper.listing:fetch_listing_items:61 - Fetching listing page https://books.toscrape.com/catalogue/page-1.html?page=1
2026-04-24 17:18:36.639 | ERROR    | scraper.listing:fetch_listing_items:66 - Failed to fetch page 1: HTTPSConnectionPool(host='books.toscrape.com', port=443): Max retries exceeded with url: /catalogue/page-1.html?page=1 (Caused by ProxyError('Unable to connect to proxy', OSError('Tunnel connection failed: 403 Forbidden')))
2026-04-24 17:18:36.642 | INFO     | scraper.pipeline:run_pipeline:81 - Filtered 0 already-seen items
2026-04-24 17:18:36.643 | INFO     | scraper.pipeline:run_pipeline:82 - Detail fetch success=0, failed=0
2026-04-24 17:18:36.644 | INFO     | scraper.pipeline:run_pipeline:87 - Wrote 0 enriched records
2026-04-24 17:19:49.890 | INFO     | scraper.pipeline:run_pipeline:48 - Starting GemEdge scaffold pipeline
2026-04-24 17:19:49.891 | INFO     | scraper.listing:fetch_listing_items:61 - Fetching listing page https://books.toscrape.com/catalogue/page-1.html?page=1
2026-04-24 17:19:52.594 | INFO     | scraper.listing:fetch_listing_items:71 - Found 20 cards on page 1
2026-04-24 17:19:52.598 | INFO     | scraper.listing:fetch_listing_items:61 - Fetching listing page https://books.toscrape.com/catalogue/page-1.html?page=2
2026-04-24 17:19:54.417 | INFO     | scraper.listing:fetch_listing_items:71 - Found 20 cards on page 2
2026-04-24 17:19:54.420 | INFO     | scraper.listing:fetch_listing_items:88 - Stopping pagination at page 2 (no new unique items)
2026-04-24 17:21:49.702 | INFO     | scraper.pipeline:run_pipeline:81 - Filtered 0 already-seen items
2026-04-24 17:21:49.703 | INFO     | scraper.pipeline:run_pipeline:82 - Detail fetch success=0, failed=20
2026-04-24 17:21:49.703 | INFO     | scraper.pipeline:run_pipeline:87 - Wrote 20 enriched records
2026-04-24 17:37:52.359 | INFO     | scraper.pipeline:run_pipeline:46 - Starting GemEdge scaffold pipeline
2026-04-24 17:37:52.359 | INFO     | scraper.listing:fetch_listing_items:59 - Fetching listing page https://books.toscrape.com/catalogue/page-1.html?page=1
2026-04-24 17:37:55.391 | ERROR    | scraper.listing:fetch_listing_items:64 - Failed to fetch page 1: HTTPSConnectionPool(host='books.toscrape.com', port=443): Max retries exceeded with url: /catalogue/page-1.html?page=1 (Caused by ProxyError('Unable to connect to proxy', OSError('Tunnel connection failed: 403 Forbidden')))
2026-04-24 17:37:55.394 | INFO     | scraper.pipeline:run_pipeline:79 - Filtered 0 already-seen items
2026-04-24 17:37:55.395 | INFO     | scraper.pipeline:run_pipeline:80 - Detail fetch success=0, failed=0
2026-04-24 17:37:55.396 | INFO     | scraper.pipeline:run_pipeline:85 - Wrote 0 enriched records
2026-04-24 17:40:29.766 | INFO     | scraper.pipeline:run_pipeline:46 - Starting GemEdge scaffold pipeline
2026-04-24 17:40:29.766 | INFO     | scraper.listing:fetch_listing_items:59 - Fetching listing page https://books.toscrape.com/catalogue/page-1.html?page=1
2026-04-24 17:40:31.275 | INFO     | scraper.listing:fetch_listing_items:69 - Found 20 cards on page 1
2026-04-24 17:40:31.279 | INFO     | scraper.listing:fetch_listing_items:59 - Fetching listing page https://books.toscrape.com/catalogue/page-1.html?page=2
2026-04-24 17:40:32.611 | INFO     | scraper.listing:fetch_listing_items:69 - Found 20 cards on page 2
2026-04-24 17:40:32.616 | INFO     | scraper.listing:fetch_listing_items:86 - Stopping pagination at page 2 (no new unique items)
2026-04-24 17:40:32.618 | INFO     | scraper.pipeline:run_pipeline:79 - Filtered 20 already-seen items
2026-04-24 17:40:32.618 | INFO     | scraper.pipeline:run_pipeline:80 - Detail fetch success=0, failed=0
2026-04-24 17:40:32.618 | INFO     | scraper.pipeline:run_pipeline:85 - Wrote 0 enriched records
2026-04-24 17:43:13.912 | INFO     | scraper.pipeline:run_pipeline:46 - Starting GemEdge scaffold pipeline
2026-04-24 17:43:13.912 | INFO     | scraper.listing:fetch_listing_items:59 - Fetching listing page https://books.toscrape.com/catalogue/page-1.html?page=1
2026-04-24 17:43:15.245 | INFO     | scraper.listing:fetch_listing_items:69 - Found 20 cards on page 1
2026-04-24 17:43:15.249 | INFO     | scraper.listing:fetch_listing_items:59 - Fetching listing page https://books.toscrape.com/catalogue/page-1.html?page=2
2026-04-24 17:43:51.750 | INFO     | scraper.listing:fetch_listing_items:69 - Found 20 cards on page 2
2026-04-24 17:43:51.755 | INFO     | scraper.listing:fetch_listing_items:86 - Stopping pagination at page 2 (no new unique items)
2026-04-24 17:43:51.758 | INFO     | scraper.pipeline:run_pipeline:79 - Filtered 20 already-seen items
2026-04-24 17:43:51.758 | INFO     | scraper.pipeline:run_pipeline:80 - Detail fetch success=0, failed=0
2026-04-24 17:43:51.758 | INFO     | scraper.pipeline:run_pipeline:85 - Wrote 0 enriched records
2026-04-24 17:44:46.859 | INFO     | scraper.pipeline:run_pipeline:46 - Starting GemEdge scaffold pipeline
2026-04-24 17:44:46.859 | INFO     | scraper.listing:fetch_listing_items:59 - Fetching listing page https://books.toscrape.com/catalogue/page-1.html?page=1
2026-04-24 17:44:48.304 | INFO     | scraper.listing:fetch_listing_items:69 - Found 20 cards on page 1
2026-04-24 17:44:48.309 | INFO     | scraper.listing:fetch_listing_items:59 - Fetching listing page https://books.toscrape.com/catalogue/page-1.html?page=2
2026-04-24 17:44:49.877 | INFO     | scraper.listing:fetch_listing_items:69 - Found 20 cards on page 2
2026-04-24 17:44:49.881 | INFO     | scraper.listing:fetch_listing_items:86 - Stopping pagination at page 2 (no new unique items)
2026-04-24 17:44:49.883 | INFO     | scraper.pipeline:run_pipeline:79 - Filtered 20 already-seen items
2026-04-24 17:44:49.883 | INFO     | scraper.pipeline:run_pipeline:80 - Detail fetch success=0, failed=0
2026-04-24 17:44:49.883 | INFO     | scraper.pipeline:run_pipeline:85 - Wrote 0 enriched records
2026-04-24 17:45:45.063 | INFO     | scraper.pipeline:run_pipeline:46 - Starting GemEdge scaffold pipeline
2026-04-24 17:45:45.063 | INFO     | scraper.listing:fetch_listing_items:59 - Fetching listing page https://books.toscrape.com/catalogue/page-1.html?page=1
2026-04-24 17:45:47.261 | INFO     | scraper.listing:fetch_listing_items:69 - Found 20 cards on page 1
2026-04-24 17:45:47.266 | INFO     | scraper.listing:fetch_listing_items:59 - Fetching listing page https://books.toscrape.com/catalogue/page-1.html?page=2
2026-04-24 17:45:49.558 | INFO     | scraper.listing:fetch_listing_items:69 - Found 20 cards on page 2
2026-04-24 17:45:49.561 | INFO     | scraper.listing:fetch_listing_items:86 - Stopping pagination at page 2 (no new unique items)
2026-04-24 17:45:49.562 | INFO     | scraper.pipeline:run_pipeline:79 - Filtered 20 already-seen items
2026-04-24 17:45:49.562 | INFO     | scraper.pipeline:run_pipeline:80 - Detail fetch success=0, failed=0
2026-04-24 17:45:49.562 | INFO     | scraper.pipeline:run_pipeline:85 - Wrote 0 enriched records
2026-04-24 17:47:39.030 | INFO     | scraper.pipeline:run_pipeline:53 - Starting GemEdge scaffold pipeline
2026-04-24 17:47:39.030 | INFO     | scraper.listing:fetch_listing_items:59 - Fetching listing page https://books.toscrape.com/catalogue/page-1.html?page=1
2026-04-24 17:47:42.098 | ERROR    | scraper.listing:fetch_listing_items:64 - Failed to fetch page 1: HTTPSConnectionPool(host='books.toscrape.com', port=443): Max retries exceeded with url: /catalogue/page-1.html?page=1 (Caused by ProxyError('Unable to connect to proxy', OSError('Tunnel connection failed: 403 Forbidden')))
2026-04-24 17:47:42.102 | INFO     | scraper.pipeline:run_pipeline:97 - Filtered 0 already-seen items
2026-04-24 17:47:42.103 | INFO     | scraper.pipeline:run_pipeline:98 - Retry queue in=0, out=0
2026-04-24 17:47:42.106 | INFO     | scraper.pipeline:run_pipeline:103 - Detail fetch success=0, failed=0
2026-04-24 17:47:42.108 | INFO     | scraper.pipeline:run_pipeline:108 - Wrote 0 enriched records
2026-04-24 23:05:14.735 | INFO     | scraper.pipeline:run_pipeline:53 - Starting GemEdge scaffold pipeline
2026-04-24 23:05:14.735 | INFO     | scraper.listing:fetch_listing_items:59 - Fetching listing page https://books.toscrape.com/catalogue/page-1.html?page=1
2026-04-24 23:05:21.396 | ERROR    | scraper.listing:fetch_listing_items:64 - Failed to fetch page 1: HTTPSConnectionPool(host='books.toscrape.com', port=443): Max retries exceeded with url: /catalogue/page-1.html?page=1 (Caused by ProxyError('Unable to connect to proxy', OSError('Tunnel connection failed: 403 Forbidden')))
2026-04-24 23:05:21.401 | INFO     | scraper.pipeline:run_pipeline:97 - Filtered 0 already-seen items
2026-04-24 23:05:21.402 | INFO     | scraper.pipeline:run_pipeline:98 - Retry queue in=0, out=0
2026-04-24 23:05:21.404 | INFO     | scraper.pipeline:run_pipeline:103 - Detail fetch success=0, failed=0
2026-04-24 23:05:21.405 | INFO     | scraper.pipeline:run_pipeline:108 - Wrote 0 enriched records
